<?xml version="1.0" encoding="UTF-8"?>
<testsuite xmlns:xsi="http://www.w3.org/2001/XMLSchema-instance" xsi:noNamespaceSchemaLocation="https://maven.apache.org/surefire/maven-surefire-plugin/xsd/surefire-test-report-3.0.xsd" version="3.0" name="TestSuite" time="2.123" tests="13" errors="0" skipped="11" failures="2">
  <properties>
[...]
</properties>
  <testcase name="setup" classname="tests.HomePageTest" time="1.085">
    <failure message="The driver executable must exist: C:\Users\Rajesh\Documents\NakeMyTrpAutomationFramework\usr.dir\NakeMyTrpAutomationFramework\src\main\resources\chromedriver.exe" type="java.lang.IllegalStateException"><![CDATA[java.lang.IllegalStateException: The driver executable must exist: C:\Users\Rajesh\Documents\NakeMyTrpAutomationFramework\usr.dir\NakeMyTrpAutomationFramework\src\main\resources\chromedriver.exe
	at tests.HomePageTest.setup(HomePageTest.java:17)
]]></failure>
  </testcase>
  <testcase name="ClickSearchButtonTest" classname="tests.HomePageTest" time="0">
    <skipped message="The driver executable must exist: C:\Users\Rajesh\Documents\NakeMyTrpAutomationFramework\usr.dir\NakeMyTrpAutomationFramework\src\main\resources\chromedriver.exe"/>
  </testcase>
  <testcase name="ClickSearchButtonTest" classname="tests.HomePageTest" time="0">
    <skipped message="The driver executable must exist: C:\Users\Rajesh\Documents\NakeMyTrpAutomationFramework\usr.dir\NakeMyTrpAutomationFramework\src\main\resources\chromedriver.exe"/>
  </testcase>
  <testcase name="homePageTest1" classname="tests.HomePageTest" time="0">
    <skipped message="The driver executable must exist: C:\Users\Rajesh\Documents\NakeMyTrpAutomationFramework\usr.dir\NakeMyTrpAutomationFramework\src\main\resources\chromedriver.exe"/>
  </testcase>
  <testcase name="homePageTest1" classname="tests.HomePageTest" time="0">
    <skipped message="The driver executable must exist: C:\Users\Rajesh\Documents\NakeMyTrpAutomationFramework\usr.dir\NakeMyTrpAutomationFramework\src\main\resources\chromedriver.exe"/>
  </testcase>
  <testcase name="homePageTest2" classname="tests.HomePageTest" time="0">
    <skipped message="The driver executable must exist: C:\Users\Rajesh\Documents\NakeMyTrpAutomationFramework\usr.dir\NakeMyTrpAutomationFramework\src\main\resources\chromedriver.exe"/>
  </testcase>
  <testcase name="homePageTest2" classname="tests.HomePageTest" time="0">
    <skipped message="The driver executable must exist: C:\Users\Rajesh\Documents\NakeMyTrpAutomationFramework\usr.dir\NakeMyTrpAutomationFramework\src\main\resources\chromedriver.exe"/>
  </testcase>
  <testcase name="tearDown" classname="tests.HomePageTest" time="0">
    <skipped/>
  </testcase>
  <testcase name="invokeDriver" classname="tests.FlightDetailsPageTest" time="1.803">
    <failure message="The driver executable must exist: C:\Users\Rajesh\Documents\NakeMyTrpAutomationFramework\usr.dir\NakeMyTrpAutomationFramework\src\main\resources\chromedriver.exe" type="java.lang.IllegalStateException"><![CDATA[java.lang.IllegalStateException: The driver executable must exist: C:\Users\Rajesh\Documents\NakeMyTrpAutomationFramework\usr.dir\NakeMyTrpAutomationFramework\src\main\resources\chromedriver.exe
	at tests.FlightDetailsPageTest.invokeDriver(FlightDetailsPageTest.java:20)
]]></failure>
  </testcase>
  <testcase name="setup" classname="tests.FlightDetailsPageTest" time="0">
    <skipped/>
  </testcase>
  <testcase name="flightDetailsTest1" classname="tests.FlightDetailsPageTest" time="0">
    <skipped message="The driver executable must exist: C:\Users\Rajesh\Documents\NakeMyTrpAutomationFramework\usr.dir\NakeMyTrpAutomationFramework\src\main\resources\chromedriver.exe"/>
  </testcase>
  <testcase name="tearDown" classname="tests.FlightDetailsPageTest" time="0">
    <skipped/>
  </testcase>
  <testcase name="tearDown" classname="tests.FlightDetailsPageTest" time="0">
    <skipped/>
  </testcase>
</testsuite>